2017-10-11 11:57:03.101 [restartedMain] INFO  tw.com.triplei.TripleIApplication - Starting TripleIApplication on DefaultUser-PC with PID 9064 (D:\git\triplei-portal\target\classes started by Default User in D:\git\triplei-portal)
2017-10-11 11:57:03.105 [restartedMain] DEBUG tw.com.triplei.TripleIApplication - Running with Spring Boot v1.5.6.RELEASE, Spring v4.3.10.RELEASE
2017-10-11 11:57:03.105 [restartedMain] INFO  tw.com.triplei.TripleIApplication - No active profile set, falling back to default profiles: default
2017-10-11 11:57:03.215 [restartedMain] INFO  o.s.b.c.e.AnnotationConfigEmbeddedWebApplicationContext - Refreshing org.springframework.boot.context.embedded.AnnotationConfigEmbeddedWebApplicationContext@3c205440: startup date [Wed Oct 11 11:57:03 CST 2017]; root of context hierarchy
2017-10-11 11:57:03.565 [background-preinit] INFO  org.hibernate.validator.internal.util.Version - HV000001: Hibernate Validator 5.3.5.Final
2017-10-11 11:57:05.760 [restartedMain] INFO  o.s.b.f.a.AutowiredAnnotationBeanPostProcessor - JSR-330 'javax.inject.Inject' annotation found and supported for autowiring
2017-10-11 11:57:06.696 [restartedMain] INFO  o.s.b.c.e.tomcat.TomcatEmbeddedServletContainer - Tomcat initialized with port(s): 8080 (http)
2017-10-11 11:57:06.709 [restartedMain] INFO  org.apache.catalina.core.StandardService - Starting service [Tomcat]
2017-10-11 11:57:06.710 [restartedMain] INFO  org.apache.catalina.core.StandardEngine - Starting Servlet Engine: Apache Tomcat/8.5.16
2017-10-11 11:57:07.090 [localhost-startStop-1] INFO  org.apache.jasper.servlet.TldScanner - At least one JAR was scanned for TLDs yet contained no TLDs. Enable debug logging for this logger for a complete list of JARs that were scanned but no TLDs were found in them. Skipping unneeded JARs during scanning can improve startup time and JSP compilation time.
2017-10-11 11:57:07.099 [localhost-startStop-1] INFO  o.a.c.core.ContainerBase.[Tomcat].[localhost].[/] - Initializing Spring embedded WebApplicationContext
2017-10-11 11:57:07.099 [localhost-startStop-1] INFO  org.springframework.web.context.ContextLoader - Root WebApplicationContext: initialization completed in 3884 ms
2017-10-11 11:57:07.137 [localhost-startStop-1] INFO  net.fckeditor.handlers.PropertiesLoader - /fckeditor.properties not found
2017-10-11 11:57:07.509 [localhost-startStop-1] INFO  o.s.boot.web.servlet.FilterRegistrationBean - Mapping filter: 'metricsFilter' to: [/*]
2017-10-11 11:57:07.510 [localhost-startStop-1] INFO  o.s.boot.web.servlet.FilterRegistrationBean - Mapping filter: 'characterEncodingFilter' to: [/*]
2017-10-11 11:57:07.510 [localhost-startStop-1] INFO  o.s.boot.web.servlet.FilterRegistrationBean - Mapping filter: 'hiddenHttpMethodFilter' to: [/*]
2017-10-11 11:57:07.510 [localhost-startStop-1] INFO  o.s.boot.web.servlet.FilterRegistrationBean - Mapping filter: 'httpPutFormContentFilter' to: [/*]
2017-10-11 11:57:07.511 [localhost-startStop-1] INFO  o.s.boot.web.servlet.FilterRegistrationBean - Mapping filter: 'requestContextFilter' to: [/*]
2017-10-11 11:57:07.512 [localhost-startStop-1] INFO  o.s.b.w.s.DelegatingFilterProxyRegistrationBean - Mapping filter: 'springSecurityFilterChain' to: [/*]
2017-10-11 11:57:07.512 [localhost-startStop-1] INFO  o.s.boot.web.servlet.FilterRegistrationBean - Mapping filter: 'webRequestLoggingFilter' to: [/*]
2017-10-11 11:57:07.512 [localhost-startStop-1] INFO  o.s.boot.web.servlet.FilterRegistrationBean - Mapping filter: 'applicationContextIdFilter' to: [/*]
2017-10-11 11:57:07.513 [localhost-startStop-1] INFO  o.s.boot.web.servlet.ServletRegistrationBean - Mapping servlet: 'connectorServlet' to [/fckeditor/editor/filemanager/connectors/*]
2017-10-11 11:57:07.514 [localhost-startStop-1] INFO  o.s.boot.web.servlet.ServletRegistrationBean - Mapping servlet: 'dispatcherServlet' to [/]
2017-10-11 11:57:08.486 [restartedMain] INFO  o.s.orm.jpa.LocalContainerEntityManagerFactoryBean - Building JPA container EntityManagerFactory for persistence unit 'default'
2017-10-11 11:57:08.503 [restartedMain] INFO  org.hibernate.jpa.internal.util.LogHelper - HHH000204: Processing PersistenceUnitInfo [
	name: default
	...]
2017-10-11 11:57:08.598 [restartedMain] INFO  org.hibernate.Version - HHH000412: Hibernate Core {5.0.12.Final}
2017-10-11 11:57:08.600 [restartedMain] INFO  org.hibernate.cfg.Environment - HHH000206: hibernate.properties not found
2017-10-11 11:57:08.602 [restartedMain] INFO  org.hibernate.cfg.Environment - HHH000021: Bytecode provider name : javassist
2017-10-11 11:57:08.657 [restartedMain] INFO  org.hibernate.annotations.common.Version - HCANN000001: Hibernate Commons Annotations {5.0.1.Final}
2017-10-11 11:57:08.831 [restartedMain] INFO  org.hibernate.dialect.Dialect - HHH000400: Using dialect: org.hibernate.dialect.PostgreSQLDialect
2017-10-11 11:57:08.955 [restartedMain] INFO  o.h.engine.jdbc.env.internal.LobCreatorBuilderImpl - HHH000424: Disabling contextual LOB creation as createClob() method threw error : java.lang.reflect.InvocationTargetException
2017-10-11 11:57:08.963 [restartedMain] INFO  org.hibernate.type.BasicTypeRegistry - HHH000270: Type registration [java.util.UUID] overrides previous : org.hibernate.type.UUIDBinaryType@7b7b3af7
2017-10-11 11:57:09.843 [restartedMain] INFO  org.hibernate.tool.hbm2ddl.SchemaExport - HHH000227: Running hbm2ddl schema export
2017-10-11 11:57:09.853 [restartedMain] ERROR org.hibernate.tool.hbm2ddl.SchemaExport - HHH000389: Unsuccessful: alter table product drop constraint FKm34brvupmh9ixny3p21u8egq
2017-10-11 11:57:09.853 [restartedMain] ERROR org.hibernate.tool.hbm2ddl.SchemaExport - ERROR: relation "product" does not exist
2017-10-11 11:57:09.854 [restartedMain] ERROR org.hibernate.tool.hbm2ddl.SchemaExport - HHH000389: Unsuccessful: alter table recipient drop constraint FKc6bbbkcsmyjujeatr6uai50cg
2017-10-11 11:57:09.854 [restartedMain] ERROR org.hibernate.tool.hbm2ddl.SchemaExport - ERROR: relation "recipient" does not exist
2017-10-11 11:57:09.855 [restartedMain] ERROR org.hibernate.tool.hbm2ddl.SchemaExport - HHH000389: Unsuccessful: alter table user_role drop constraint FKa68196081fvovjhkek5m97n3y
2017-10-11 11:57:09.856 [restartedMain] ERROR org.hibernate.tool.hbm2ddl.SchemaExport - ERROR: relation "user_role" does not exist
2017-10-11 11:57:09.857 [restartedMain] ERROR org.hibernate.tool.hbm2ddl.SchemaExport - HHH000389: Unsuccessful: alter table user_role drop constraint FKlyammbqwexa27xdf0x08qi53r
2017-10-11 11:57:09.857 [restartedMain] ERROR org.hibernate.tool.hbm2ddl.SchemaExport - ERROR: relation "user_role" does not exist
2017-10-11 11:57:09.999 [restartedMain] INFO  org.hibernate.tool.hbm2ddl.SchemaExport - HHH000476: Executing import script '/import.sql'
2017-10-11 11:57:10.105 [restartedMain] INFO  org.hibernate.tool.hbm2ddl.SchemaExport - HHH000230: Schema export complete
2017-10-11 11:57:10.184 [restartedMain] INFO  o.s.orm.jpa.LocalContainerEntityManagerFactoryBean - Initialized JPA EntityManagerFactory for persistence unit 'default'
2017-10-11 11:57:11.392 [restartedMain] INFO  o.h.hql.internal.QueryTranslatorFactoryInitiator - HHH000397: Using ASTQueryTranslatorFactory
2017-10-11 11:57:11.850 [restartedMain] INFO  o.a.c.core.ContainerBase.[Tomcat].[localhost].[/] - jolokia: No access restrictor found, access to any MBean is allowed
2017-10-11 11:57:13.232 [restartedMain] INFO  o.s.security.web.DefaultSecurityFilterChain - Creating filter chain: org.springframework.security.web.util.matcher.AnyRequestMatcher@1, [org.springframework.security.web.context.request.async.WebAsyncManagerIntegrationFilter@257b6682, org.springframework.security.web.context.SecurityContextPersistenceFilter@1a00b0f7, org.springframework.security.web.header.HeaderWriterFilter@69162fc5, org.springframework.security.web.authentication.logout.LogoutFilter@4aa18ced, org.springframework.social.security.SocialAuthenticationFilter@6d5130bf, org.springframework.security.web.authentication.UsernamePasswordAuthenticationFilter@5aabe4e, org.springframework.security.web.savedrequest.RequestCacheAwareFilter@69fe2bf2, org.springframework.security.web.servletapi.SecurityContextHolderAwareRequestFilter@5a3e8c4e, org.springframework.security.web.authentication.AnonymousAuthenticationFilter@8543059, org.springframework.security.web.session.SessionManagementFilter@6ea40bea, org.springframework.security.web.access.ExceptionTranslationFilter@5985b62f, org.springframework.security.web.access.intercept.FilterSecurityInterceptor@2762802c]
2017-10-11 11:57:13.556 [restartedMain] INFO  o.s.w.s.m.m.a.RequestMappingHandlerAdapter - Looking for @ControllerAdvice: org.springframework.boot.context.embedded.AnnotationConfigEmbeddedWebApplicationContext@3c205440: startup date [Wed Oct 11 11:57:03 CST 2017]; root of context hierarchy
2017-10-11 11:57:13.653 [restartedMain] INFO  o.s.w.s.m.m.a.RequestMappingHandlerMapping - Mapped "{[/admin/article],methods=[PUT]}" onto public tw.com.triplei.commons.AjaxResponse<tw.com.triplei.entity.ArticleEntity> tw.com.triplei.admin.AdminArticleController.update(org.springframework.web.multipart.MultipartFile,java.lang.String,tw.com.triplei.enums.ArticleType,java.lang.String,java.lang.String,java.lang.String,java.lang.String,java.lang.Boolean,java.lang.Boolean,java.lang.Boolean,tw.com.triplei.entity.ArticleEntity)
2017-10-11 11:57:13.655 [restartedMain] INFO  o.s.w.s.m.m.a.RequestMappingHandlerMapping - Mapped "{[/admin/article/{id}],methods=[DELETE]}" onto public tw.com.triplei.commons.AjaxResponse<tw.com.triplei.entity.ArticleEntity> tw.com.triplei.admin.AdminArticleController.delete(long)
2017-10-11 11:57:13.656 [restartedMain] INFO  o.s.w.s.m.m.a.RequestMappingHandlerMapping - Mapped "{[/admin/article],methods=[POST]}" onto public tw.com.triplei.commons.AjaxResponse<tw.com.triplei.entity.ArticleEntity> tw.com.triplei.admin.AdminArticleController.insert(org.springframework.web.multipart.MultipartFile,tw.com.triplei.enums.ArticleType,java.lang.String,java.lang.String,java.lang.String,java.lang.String,java.lang.Boolean,java.lang.Boolean,java.lang.Boolean,tw.com.triplei.entity.ArticleEntity)
2017-10-11 11:57:13.656 [restartedMain] INFO  o.s.w.s.m.m.a.RequestMappingHandlerMapping - Mapped "{[/admin/article],methods=[GET]}" onto public tw.com.triplei.commons.GridResponse<tw.com.triplei.entity.ArticleEntity> tw.com.triplei.admin.AdminArticleController.query(org.springframework.ui.Model,tw.com.triplei.entity.ArticleEntity,int,int)
2017-10-11 11:57:13.656 [restartedMain] INFO  o.s.w.s.m.m.a.RequestMappingHandlerMapping - Mapped "{[/admin/article/{id}],methods=[GET]}" onto public java.lang.String tw.com.triplei.admin.AdminArticleController.editPage(java.lang.Long,org.springframework.ui.Model)
2017-10-11 11:57:13.656 [restartedMain] INFO  o.s.w.s.m.m.a.RequestMappingHandlerMapping - Mapped "{[/admin/article/insertArticle]}" onto public java.lang.String tw.com.triplei.admin.AdminArticleController.insertArticle(org.springframework.ui.Model)
2017-10-11 11:57:13.657 [restartedMain] INFO  o.s.w.s.m.m.a.RequestMappingHandlerMapping - Mapped "{[/admin/article/getArticles]}" onto public java.lang.String tw.com.triplei.admin.AdminArticleController.getArticles(org.springframework.ui.Model)
2017-10-11 11:57:13.657 [restartedMain] INFO  o.s.w.s.m.m.a.RequestMappingHandlerMapping - Mapped "{[/admin/article/updateDeleteArticle]}" onto public java.lang.String tw.com.triplei.admin.AdminArticleController.updateDeleteArticle()
2017-10-11 11:57:13.663 [restartedMain] INFO  o.s.w.s.m.m.a.RequestMappingHandlerMapping - Mapped "{[/admin/convenienceStore],methods=[PUT]}" onto public tw.com.triplei.commons.AjaxResponse<tw.com.triplei.entity.ConvenienceStoreEntity> tw.com.triplei.admin.AdminConvenienceStoreController.update(org.springframework.ui.Model,tw.com.triplei.entity.ConvenienceStoreEntity)
2017-10-11 11:57:13.663 [restartedMain] INFO  o.s.w.s.m.m.a.RequestMappingHandlerMapping - Mapped "{[/admin/convenienceStore/{id}],methods=[DELETE]}" onto public tw.com.triplei.commons.AjaxResponse<tw.com.triplei.entity.ConvenienceStoreEntity> tw.com.triplei.admin.AdminConvenienceStoreController.delete(long)
2017-10-11 11:57:13.663 [restartedMain] INFO  o.s.w.s.m.m.a.RequestMappingHandlerMapping - Mapped "{[/admin/convenienceStore],methods=[POST]}" onto public tw.com.triplei.commons.AjaxResponse<tw.com.triplei.entity.ConvenienceStoreEntity> tw.com.triplei.admin.AdminConvenienceStoreController.insert(org.springframework.ui.Model,tw.com.triplei.entity.ConvenienceStoreEntity)
2017-10-11 11:57:13.664 [restartedMain] INFO  o.s.w.s.m.m.a.RequestMappingHandlerMapping - Mapped "{[/admin/convenienceStore],methods=[GET]}" onto public tw.com.triplei.commons.GridResponse<tw.com.triplei.entity.ConvenienceStoreEntity> tw.com.triplei.admin.AdminConvenienceStoreController.query(org.springframework.ui.Model,tw.com.triplei.entity.ConvenienceStoreEntity,int,int)
2017-10-11 11:57:13.664 [restartedMain] INFO  o.s.w.s.m.m.a.RequestMappingHandlerMapping - Mapped "{[/admin/convenienceStore/{id}],methods=[GET]}" onto public java.lang.String tw.com.triplei.admin.AdminConvenienceStoreController.editPage(java.lang.Long,org.springframework.ui.Model)
2017-10-11 11:57:13.664 [restartedMain] INFO  o.s.w.s.m.m.a.RequestMappingHandlerMapping - Mapped "{[/admin/convenienceStore/searchStoreName],methods=[GET]}" onto public tw.com.triplei.entity.ConvenienceStoreEntity tw.com.triplei.admin.AdminConvenienceStoreController.searchAddress(org.springframework.ui.Model,java.lang.String)
2017-10-11 11:57:13.665 [restartedMain] INFO  o.s.w.s.m.m.a.RequestMappingHandlerMapping - Mapped "{[/admin/convenienceStore/searchAddress],methods=[GET]}" onto public java.util.List<tw.com.triplei.entity.ConvenienceStoreEntity> tw.com.triplei.admin.AdminConvenienceStoreController.searchAddress(org.springframework.ui.Model,java.lang.String,java.lang.String,java.lang.String)
2017-10-11 11:57:13.665 [restartedMain] INFO  o.s.w.s.m.m.a.RequestMappingHandlerMapping - Mapped "{[/admin/convenienceStore/searchRegion],methods=[GET]}" onto public java.util.List<tw.com.triplei.entity.ConvenienceStoreEntity> tw.com.triplei.admin.AdminConvenienceStoreController.searchRegion(org.springframework.ui.Model,java.lang.String)
2017-10-11 11:57:13.665 [restartedMain] INFO  o.s.w.s.m.m.a.RequestMappingHandlerMapping - Mapped "{[/admin/convenienceStore/list]}" onto public java.lang.String tw.com.triplei.admin.AdminConvenienceStoreController.listPage(org.springframework.ui.Model)
2017-10-11 11:57:13.666 [restartedMain] INFO  o.s.w.s.m.m.a.RequestMappingHandlerMapping - Mapped "{[/admin/convenienceStore/test]}" onto public java.lang.String tw.com.triplei.admin.AdminConvenienceStoreController.testSearch(org.springframework.ui.Model)
2017-10-11 11:57:13.666 [restartedMain] INFO  o.s.w.s.m.m.a.RequestMappingHandlerMapping - Mapped "{[/admin/convenienceStore/insertPage]}" onto public java.lang.String tw.com.triplei.admin.AdminConvenienceStoreController.inertFile(org.springframework.ui.Model)
2017-10-11 11:57:13.666 [restartedMain] INFO  o.s.w.s.m.m.a.RequestMappingHandlerMapping - Mapped "{[/admin/convenienceStore/searchStreet],methods=[GET]}" onto public java.util.List<tw.com.triplei.entity.ConvenienceStoreEntity> tw.com.triplei.admin.AdminConvenienceStoreController.searchStreet(org.springframework.ui.Model,java.lang.String,java.lang.String)
2017-10-11 11:57:13.666 [restartedMain] INFO  o.s.w.s.m.m.a.RequestMappingHandlerMapping - Mapped "{[/admin/convenienceStore/addPage],methods=[GET]}" onto public java.lang.String tw.com.triplei.admin.AdminConvenienceStoreController.addPage(org.springframework.ui.Model)
2017-10-11 11:57:13.667 [restartedMain] INFO  o.s.w.s.m.m.a.RequestMappingHandlerMapping - Mapped "{[/admin/convenienceStore/insertFile],methods=[POST]}" onto public java.lang.String tw.com.triplei.admin.AdminConvenienceStoreController.inert(org.springframework.ui.Model,org.springframework.web.multipart.MultipartFile[])
2017-10-11 11:57:13.668 [restartedMain] INFO  o.s.w.s.m.m.a.RequestMappingHandlerMapping - Mapped "{[/admin/gift],methods=[PUT]}" onto public tw.com.triplei.commons.AjaxResponse<tw.com.triplei.entity.GiftEntity> tw.com.triplei.admin.AdminGiftController.update(org.springframework.web.multipart.MultipartFile,java.lang.Long,java.lang.String,java.lang.String,java.lang.String,java.lang.Integer,java.lang.String,tw.com.triplei.enums.GiftType,java.lang.Boolean,tw.com.triplei.entity.GiftEntity)
2017-10-11 11:57:13.669 [restartedMain] INFO  o.s.w.s.m.m.a.RequestMappingHandlerMapping - Mapped "{[/admin/gift/{id}],methods=[DELETE]}" onto public tw.com.triplei.commons.AjaxResponse<tw.com.triplei.entity.GiftEntity> tw.com.triplei.admin.AdminGiftController.delete(long)
2017-10-11 11:57:13.669 [restartedMain] INFO  o.s.w.s.m.m.a.RequestMappingHandlerMapping - Mapped "{[/admin/gift],methods=[POST]}" onto public tw.com.triplei.commons.AjaxResponse<tw.com.triplei.entity.GiftEntity> tw.com.triplei.admin.AdminGiftController.insert(org.springframework.web.multipart.MultipartFile,java.lang.String,java.lang.String,java.lang.String,java.lang.Integer,java.lang.String,tw.com.triplei.enums.GiftType,java.lang.Boolean,tw.com.triplei.entity.GiftEntity)
2017-10-11 11:57:13.670 [restartedMain] INFO  o.s.w.s.m.m.a.RequestMappingHandlerMapping - Mapped "{[/admin/gift],methods=[GET]}" onto public tw.com.triplei.commons.GridResponse<tw.com.triplei.entity.GiftEntity> tw.com.triplei.admin.AdminGiftController.query(org.springframework.ui.Model,tw.com.triplei.entity.GiftEntity,int,int,int,int)
2017-10-11 11:57:13.670 [restartedMain] INFO  o.s.w.s.m.m.a.RequestMappingHandlerMapping - Mapped "{[/admin/gift/{id}],methods=[GET]}" onto public java.lang.String tw.com.triplei.admin.AdminGiftController.editPage(java.lang.Long,org.springframework.ui.Model)
2017-10-11 11:57:13.670 [restartedMain] INFO  o.s.w.s.m.m.a.RequestMappingHandlerMapping - Mapped "{[/admin/gift/list],methods=[GET]}" onto public java.lang.String tw.com.triplei.admin.AdminGiftController.listPage(org.springframework.ui.Model)
2017-10-11 11:57:13.670 [restartedMain] INFO  o.s.w.s.m.m.a.RequestMappingHandlerMapping - Mapped "{[/admin/gift/add],methods=[GET]}" onto public java.lang.String tw.com.triplei.admin.AdminGiftController.addPage(org.springframework.ui.Model)
2017-10-11 11:57:13.671 [restartedMain] INFO  o.s.w.s.m.m.a.RequestMappingHandlerMapping - Mapped "{[/admin/gift/giftOrder],methods=[PUT]}" onto public java.util.Map<java.lang.String, java.lang.String> tw.com.triplei.admin.AdminGiftOrderController.update(org.springframework.ui.Model,tw.com.triplei.entity.GiftOrderEntity)
2017-10-11 11:57:13.672 [restartedMain] INFO  o.s.w.s.m.m.a.RequestMappingHandlerMapping - Mapped "{[/admin/gift/giftOrder/{id}],methods=[DELETE]}" onto public java.util.Map<java.lang.String, java.lang.String> tw.com.triplei.admin.AdminGiftOrderController.delete(long)
2017-10-11 11:57:13.672 [restartedMain] INFO  o.s.w.s.m.m.a.RequestMappingHandlerMapping - Mapped "{[/admin/gift/giftOrder/list]}" onto public java.lang.String tw.com.triplei.admin.AdminGiftOrderController.list(org.springframework.ui.Model)
2017-10-11 11:57:13.672 [restartedMain] INFO  o.s.w.s.m.m.a.RequestMappingHandlerMapping - Mapped "{[/admin/gift/giftOrder],methods=[GET]}" onto public tw.com.triplei.commons.GridResponse<tw.com.triplei.entity.GiftOrderEntity> tw.com.triplei.admin.AdminGiftOrderController.query(org.springframework.ui.Model,tw.com.triplei.entity.GiftOrderEntity,int,int)
2017-10-11 11:57:13.673 [restartedMain] INFO  o.s.w.s.m.m.a.RequestMappingHandlerMapping - Mapped "{[/admin/gift/giftOrder/{id}],methods=[GET]}" onto public java.lang.String tw.com.triplei.admin.AdminGiftOrderController.editPage(java.lang.Long,org.springframework.ui.Model)
2017-10-11 11:57:13.674 [restartedMain] INFO  o.s.w.s.m.m.a.RequestMappingHandlerMapping - Mapped "{[/admin/insurer],methods=[PUT]}" onto public tw.com.triplei.commons.AjaxResponse<tw.com.triplei.entity.InsurerEntity> tw.com.triplei.admin.AdminInsurerController.update(org.springframework.ui.Model,tw.com.triplei.entity.InsurerEntity)
2017-10-11 11:57:13.675 [restartedMain] INFO  o.s.w.s.m.m.a.RequestMappingHandlerMapping - Mapped "{[/admin/insurer/{id}],methods=[DELETE]}" onto public tw.com.triplei.commons.AjaxResponse<tw.com.triplei.entity.InsurerEntity> tw.com.triplei.admin.AdminInsurerController.delete(long)
2017-10-11 11:57:13.675 [restartedMain] INFO  o.s.w.s.m.m.a.RequestMappingHandlerMapping - Mapped "{[/admin/insurer],methods=[POST]}" onto public tw.com.triplei.commons.AjaxResponse<tw.com.triplei.entity.InsurerEntity> tw.com.triplei.admin.AdminInsurerController.insert(org.springframework.ui.Model,tw.com.triplei.entity.InsurerEntity)
2017-10-11 11:57:13.675 [restartedMain] INFO  o.s.w.s.m.m.a.RequestMappingHandlerMapping - Mapped "{[/admin/insurer],methods=[GET]}" onto public tw.com.triplei.commons.GridResponse<tw.com.triplei.entity.InsurerEntity> tw.com.triplei.admin.AdminInsurerController.query(org.springframework.ui.Model,tw.com.triplei.entity.InsurerEntity,int,int)
2017-10-11 11:57:13.676 [restartedMain] INFO  o.s.w.s.m.m.a.RequestMappingHandlerMapping - Mapped "{[/admin/insurer/{id}],methods=[GET]}" onto public java.lang.String tw.com.triplei.admin.AdminInsurerController.editPage(java.lang.Long,org.springframework.ui.Model)
2017-10-11 11:57:13.676 [restartedMain] INFO  o.s.w.s.m.m.a.RequestMappingHandlerMapping - Mapped "{[/admin/insurer/list],methods=[GET]}" onto public java.lang.String tw.com.triplei.admin.AdminInsurerController.listPage(org.springframework.ui.Model)
2017-10-11 11:57:13.676 [restartedMain] INFO  o.s.w.s.m.m.a.RequestMappingHandlerMapping - Mapped "{[/admin/insurer/add],methods=[GET]}" onto public java.lang.String tw.com.triplei.admin.AdminInsurerController.addPage(org.springframework.ui.Model)
2017-10-11 11:57:13.679 [restartedMain] INFO  o.s.w.s.m.m.a.RequestMappingHandlerMapping - Mapped "{[/admin/product/edit],methods=[POST]}" onto public tw.com.triplei.commons.AjaxResponse<tw.com.triplei.entity.ProductEntity> tw.com.triplei.admin.AdminProductController.update(java.lang.String,java.lang.Boolean,tw.com.triplei.entity.ProductEntity)
2017-10-11 11:57:13.679 [restartedMain] INFO  o.s.w.s.m.m.a.RequestMappingHandlerMapping - Mapped "{[/admin/product/{id}],methods=[DELETE]}" onto public tw.com.triplei.commons.AjaxResponse<tw.com.triplei.entity.ProductEntity> tw.com.triplei.admin.AdminProductController.delete(long)
2017-10-11 11:57:13.679 [restartedMain] INFO  o.s.w.s.m.m.a.RequestMappingHandlerMapping - Mapped "{[/admin/product],methods=[POST]}" onto public java.lang.String tw.com.triplei.admin.AdminProductController.insert(org.springframework.ui.Model,org.springframework.web.multipart.MultipartFile[])
2017-10-11 11:57:13.680 [restartedMain] INFO  o.s.w.s.m.m.a.RequestMappingHandlerMapping - Mapped "{[/admin/product],methods=[GET]}" onto public tw.com.triplei.commons.GridResponse<tw.com.triplei.entity.ProductEntity> tw.com.triplei.admin.AdminProductController.query(org.springframework.ui.Model,tw.com.triplei.entity.ProductEntity,int,int)
2017-10-11 11:57:13.680 [restartedMain] INFO  o.s.w.s.m.m.a.RequestMappingHandlerMapping - Mapped "{[/admin/product/{id}],methods=[GET]}" onto public java.lang.String tw.com.triplei.admin.AdminProductController.editPage(java.lang.Long,org.springframework.ui.Model)
2017-10-11 11:57:13.680 [restartedMain] INFO  o.s.w.s.m.m.a.RequestMappingHandlerMapping - Mapped "{[/admin/product/list],methods=[GET]}" onto public java.lang.String tw.com.triplei.admin.AdminProductController.listPage(org.springframework.ui.Model)
2017-10-11 11:57:13.681 [restartedMain] INFO  o.s.w.s.m.m.a.RequestMappingHandlerMapping - Mapped "{[/admin/product/add],methods=[GET]}" onto public java.lang.String tw.com.triplei.admin.AdminProductController.addPage(org.springframework.ui.Model)
2017-10-11 11:57:13.681 [restartedMain] INFO  o.s.w.s.m.m.a.RequestMappingHandlerMapping - Mapped "{[/admin/product/cancelRatio/load/{id}],methods=[GET]}" onto public tw.com.triplei.commons.GridResponse<tw.com.triplei.entity.ProductCancelRatio> tw.com.triplei.admin.AdminProductController.findCancelRatio(int,int,org.springframework.ui.Model,tw.com.triplei.entity.ProductCancelRatio,java.lang.Long)
2017-10-11 11:57:13.681 [restartedMain] INFO  o.s.w.s.m.m.a.RequestMappingHandlerMapping - Mapped "{[/admin/product/cancelRatio/{id}],methods=[GET]}" onto public java.lang.String tw.com.triplei.admin.AdminProductController.cancelRatioPage(java.lang.Long,org.springframework.ui.Model)
2017-10-11 11:57:13.681 [restartedMain] INFO  o.s.w.s.m.m.a.RequestMappingHandlerMapping - Mapped "{[/admin/product/highDiscountRatio/{id}],methods=[GET]}" onto public java.lang.String tw.com.triplei.admin.AdminProductController.highDiscountRatiosPage(java.lang.Long,org.springframework.ui.Model)
2017-10-11 11:57:13.681 [restartedMain] INFO  o.s.w.s.m.m.a.RequestMappingHandlerMapping - Mapped "{[/admin/product/premiumRatio/{id}],methods=[GET]}" onto public java.lang.String tw.com.triplei.admin.AdminProductController.premiumRatiosPage(java.lang.Long,org.springframework.ui.Model)
2017-10-11 11:57:13.682 [restartedMain] INFO  o.s.w.s.m.m.a.RequestMappingHandlerMapping - Mapped "{[/admin/product/highDiscountRatio/load/{id}],methods=[GET]}" onto public tw.com.triplei.commons.GridResponse<tw.com.triplei.entity.ProductHighDiscountRatio> tw.com.triplei.admin.AdminProductController.findHighDiscountRatio(int,int,org.springframework.ui.Model,tw.com.triplei.entity.ProductHighDiscountRatio,java.lang.Long)
2017-10-11 11:57:13.682 [restartedMain] INFO  o.s.w.s.m.m.a.RequestMappingHandlerMapping - Mapped "{[/admin/product/premiumRatio/load/{id}],methods=[GET]}" onto public tw.com.triplei.commons.GridResponse<tw.com.triplei.entity.ProductPremiumRatio> tw.com.triplei.admin.AdminProductController.findProductPremiumRatio(int,int,org.springframework.ui.Model,tw.com.triplei.entity.ProductPremiumRatio,java.lang.Long)
2017-10-11 11:57:13.684 [restartedMain] INFO  o.s.w.s.m.m.a.RequestMappingHandlerMapping - Mapped "{[/admin/question],methods=[PUT]}" onto public tw.com.triplei.commons.AjaxResponse<tw.com.triplei.entity.QuestionEntity> tw.com.triplei.admin.AdminQuestionController.update(org.springframework.ui.Model,tw.com.triplei.entity.QuestionEntity)
2017-10-11 11:57:13.685 [restartedMain] INFO  o.s.w.s.m.m.a.RequestMappingHandlerMapping - Mapped "{[/admin/question/{id}],methods=[DELETE]}" onto public tw.com.triplei.commons.AjaxResponse<tw.com.triplei.entity.QuestionEntity> tw.com.triplei.admin.AdminQuestionController.delete(long)
2017-10-11 11:57:13.685 [restartedMain] INFO  o.s.w.s.m.m.a.RequestMappingHandlerMapping - Mapped "{[/admin/question],methods=[POST]}" onto public tw.com.triplei.commons.AjaxResponse<tw.com.triplei.entity.QuestionEntity> tw.com.triplei.admin.AdminQuestionController.insert(org.springframework.ui.Model,tw.com.triplei.entity.QuestionEntity)
2017-10-11 11:57:13.685 [restartedMain] INFO  o.s.w.s.m.m.a.RequestMappingHandlerMapping - Mapped "{[/admin/question],methods=[GET]}" onto public tw.com.triplei.commons.GridResponse<tw.com.triplei.entity.QuestionEntity> tw.com.triplei.admin.AdminQuestionController.query(org.springframework.ui.Model,tw.com.triplei.entity.QuestionEntity,int,int)
2017-10-11 11:57:13.685 [restartedMain] INFO  o.s.w.s.m.m.a.RequestMappingHandlerMapping - Mapped "{[/admin/question/emailReply/{emailreply}],methods=[PUT]}" onto public tw.com.triplei.commons.AjaxResponse<tw.com.triplei.entity.QuestionEntity> tw.com.triplei.admin.AdminQuestionController.emailReply(org.springframework.ui.Model,tw.com.triplei.entity.QuestionEntity,java.lang.String)
2017-10-11 11:57:13.686 [restartedMain] INFO  o.s.w.s.m.m.a.RequestMappingHandlerMapping - Mapped "{[/admin/question/index],methods=[GET]}" onto public java.lang.String tw.com.triplei.admin.AdminQuestionController.returnIndex(org.springframework.ui.Model)
2017-10-11 11:57:13.686 [restartedMain] INFO  o.s.w.s.m.m.a.RequestMappingHandlerMapping - Mapped "{[/admin/question/{id}/emailResponse],methods=[GET]}" onto public java.lang.String tw.com.triplei.admin.AdminQuestionController.emailResponse(java.lang.Long,org.springframework.ui.Model)
2017-10-11 11:57:13.686 [restartedMain] INFO  o.s.w.s.m.m.a.RequestMappingHandlerMapping - Mapped "{[/admin/question/{id}],methods=[GET]}" onto public java.lang.String tw.com.triplei.admin.AdminQuestionController.editPage(java.lang.Long,org.springframework.ui.Model)
2017-10-11 11:57:13.686 [restartedMain] INFO  o.s.w.s.m.m.a.RequestMappingHandlerMapping - Mapped "{[/admin/question/list],methods=[GET]}" onto public java.lang.String tw.com.triplei.admin.AdminQuestionController.listPage(org.springframework.ui.Model)
2017-10-11 11:57:13.686 [restartedMain] INFO  o.s.w.s.m.m.a.RequestMappingHandlerMapping - Mapped "{[/admin/question/add],methods=[GET]}" onto public java.lang.String tw.com.triplei.admin.AdminQuestionController.addPage(org.springframework.ui.Model)
2017-10-11 11:57:13.687 [restartedMain] INFO  o.s.w.s.m.m.a.RequestMappingHandlerMapping - Mapped "{[/admin/recipient],methods=[PUT]}" onto public tw.com.triplei.commons.AjaxResponse<tw.com.triplei.entity.RecipientEntity> tw.com.triplei.admin.AdminRecipientController.update(org.springframework.ui.Model,long,java.lang.String,java.lang.String,tw.com.triplei.entity.RecipientEntity)
2017-10-11 11:57:13.688 [restartedMain] INFO  o.s.w.s.m.m.a.RequestMappingHandlerMapping - Mapped "{[/admin/recipient/{id}],methods=[DELETE]}" onto public tw.com.triplei.commons.AjaxResponse<tw.com.triplei.entity.RecipientEntity> tw.com.triplei.admin.AdminRecipientController.delete(long)
2017-10-11 11:57:13.688 [restartedMain] INFO  o.s.w.s.m.m.a.RequestMappingHandlerMapping - Mapped "{[/admin/recipient],methods=[GET]}" onto public tw.com.triplei.commons.GridResponse<tw.com.triplei.entity.RecipientEntity> tw.com.triplei.admin.AdminRecipientController.query(org.springframework.ui.Model,tw.com.triplei.entity.RecipientEntity,int,int)
2017-10-11 11:57:13.689 [restartedMain] INFO  o.s.w.s.m.m.a.RequestMappingHandlerMapping - Mapped "{[/admin/recipient/{id}],methods=[GET]}" onto public java.lang.String tw.com.triplei.admin.AdminRecipientController.editPage(java.lang.Long,org.springframework.ui.Model)
2017-10-11 11:57:13.689 [restartedMain] INFO  o.s.w.s.m.m.a.RequestMappingHandlerMapping - Mapped "{[/admin/recipient/list],methods=[GET]}" onto public java.lang.String tw.com.triplei.admin.AdminRecipientController.listPage(org.springframework.ui.Model)
2017-10-11 11:57:13.690 [restartedMain] INFO  o.s.w.s.m.m.a.RequestMappingHandlerMapping - Mapped "{[/admin/user],methods=[PUT]}" onto public tw.com.triplei.commons.AjaxResponse<tw.com.triplei.entity.UserEntity> tw.com.triplei.admin.AdminUserController.update(org.springframework.ui.Model,tw.com.triplei.entity.UserEntity)
2017-10-11 11:57:13.690 [restartedMain] INFO  o.s.w.s.m.m.a.RequestMappingHandlerMapping - Mapped "{[/admin/user/{id}],methods=[DELETE]}" onto public tw.com.triplei.commons.AjaxResponse<tw.com.triplei.entity.UserEntity> tw.com.triplei.admin.AdminUserController.delete(long)
2017-10-11 11:57:13.691 [restartedMain] INFO  o.s.w.s.m.m.a.RequestMappingHandlerMapping - Mapped "{[/admin/user],methods=[GET]}" onto public tw.com.triplei.commons.GridResponse<tw.com.triplei.entity.UserEntity> tw.com.triplei.admin.AdminUserController.list(org.springframework.ui.Model,tw.com.triplei.entity.UserEntity,int,int)
2017-10-11 11:57:13.691 [restartedMain] INFO  o.s.w.s.m.m.a.RequestMappingHandlerMapping - Mapped "{[/admin/user/{id}],methods=[GET]}" onto public java.lang.String tw.com.triplei.admin.AdminUserController.editPage(java.lang.Long,org.springframework.ui.Model)
2017-10-11 11:57:13.691 [restartedMain] INFO  o.s.w.s.m.m.a.RequestMappingHandlerMapping - Mapped "{[/admin/user/list],methods=[GET]}" onto public java.lang.String tw.com.triplei.admin.AdminUserController.listPage(org.springframework.ui.Model)
2017-10-11 11:57:13.692 [restartedMain] INFO  o.s.w.s.m.m.a.RequestMappingHandlerMapping - Mapped "{[/admin/wish/{id}],methods=[DELETE]}" onto public tw.com.triplei.commons.AjaxResponse<tw.com.triplei.entity.UserEntity> tw.com.triplei.admin.AdminWishController.delete(long)
2017-10-11 11:57:13.692 [restartedMain] INFO  o.s.w.s.m.m.a.RequestMappingHandlerMapping - Mapped "{[/admin/wish],methods=[GET]}" onto public tw.com.triplei.commons.GridResponse<tw.com.triplei.entity.WishEntity> tw.com.triplei.admin.AdminWishController.query(org.springframework.ui.Model,tw.com.triplei.entity.WishEntity,int,int,java.lang.String,java.lang.String)
2017-10-11 11:57:13.692 [restartedMain] INFO  o.s.w.s.m.m.a.RequestMappingHandlerMapping - Mapped "{[/admin/wish/list],methods=[GET]}" onto public java.lang.String tw.com.triplei.admin.AdminWishController.listPage(org.springframework.ui.Model)
2017-10-11 11:57:13.694 [restartedMain] INFO  o.s.w.s.m.m.a.RequestMappingHandlerMapping - Mapped "{[/article/count]}" onto public void tw.com.triplei.web.ArticleController.count(tw.com.triplei.entity.ArticleEntity)
2017-10-11 11:57:13.695 [restartedMain] INFO  o.s.w.s.m.m.a.RequestMappingHandlerMapping - Mapped "{[/article/list]}" onto public java.lang.String tw.com.triplei.web.ArticleController.list(org.springframework.ui.Model)
2017-10-11 11:57:13.695 [restartedMain] INFO  o.s.w.s.m.m.a.RequestMappingHandlerMapping - Mapped "{[/article/goodRead]}" onto public java.lang.String tw.com.triplei.web.ArticleController.goodRead(org.springframework.ui.Model)
2017-10-11 11:57:13.695 [restartedMain] INFO  o.s.w.s.m.m.a.RequestMappingHandlerMapping - Mapped "{[/article/investmentTips]}" onto public java.lang.String tw.com.triplei.web.ArticleController.investmentTips(org.springframework.ui.Model)
2017-10-11 11:57:13.695 [restartedMain] INFO  o.s.w.s.m.m.a.RequestMappingHandlerMapping - Mapped "{[/article/readArticle/read/{id}],methods=[GET]}" onto public java.lang.String tw.com.triplei.web.ArticleController.readArticle(java.lang.Long,org.springframework.ui.Model)
2017-10-11 11:57:13.695 [restartedMain] INFO  o.s.w.s.m.m.a.RequestMappingHandlerMapping - Mapped "{[/article/news]}" onto public java.lang.String tw.com.triplei.web.ArticleController.news(org.springframework.ui.Model)
2017-10-11 11:57:13.695 [restartedMain] INFO  o.s.w.s.m.m.a.RequestMappingHandlerMapping - Mapped "{[/article/editorChoice]}" onto public java.lang.String tw.com.triplei.web.ArticleController.editorChoice(org.springframework.ui.Model)
2017-10-11 11:57:13.697 [restartedMain] INFO  o.s.w.s.m.m.a.RequestMappingHandlerMapping - Mapped "{[/convenienceStore/searchAddress],methods=[GET]}" onto public java.util.List<tw.com.triplei.entity.ConvenienceStoreEntity> tw.com.triplei.web.ConvenienceStoreController.searchAddress(org.springframework.ui.Model,java.lang.String,java.lang.String,java.lang.String)
2017-10-11 11:57:13.697 [restartedMain] INFO  o.s.w.s.m.m.a.RequestMappingHandlerMapping - Mapped "{[/convenienceStore/searchStoreName],methods=[GET]}" onto public tw.com.triplei.entity.ConvenienceStoreEntity tw.com.triplei.web.ConvenienceStoreController.searchAddress(org.springframework.ui.Model,java.lang.String)
2017-10-11 11:57:13.697 [restartedMain] INFO  o.s.w.s.m.m.a.RequestMappingHandlerMapping - Mapped "{[/convenienceStore/searchRegion],methods=[GET]}" onto public java.util.List<tw.com.triplei.entity.ConvenienceStoreEntity> tw.com.triplei.web.ConvenienceStoreController.searchRegion(org.springframework.ui.Model,java.lang.String)
2017-10-11 11:57:13.697 [restartedMain] INFO  o.s.w.s.m.m.a.RequestMappingHandlerMapping - Mapped "{[/convenienceStore/searchStreet],methods=[GET]}" onto public java.util.List<tw.com.triplei.entity.ConvenienceStoreEntity> tw.com.triplei.web.ConvenienceStoreController.searchStreet(org.springframework.ui.Model,java.lang.String,java.lang.String)
2017-10-11 11:57:13.698 [restartedMain] INFO  o.s.w.s.m.m.a.RequestMappingHandlerMapping - Mapped "{[/gift/list]}" onto public java.lang.String tw.com.triplei.web.GiftController.list(org.springframework.ui.Model)
2017-10-11 11:57:13.698 [restartedMain] INFO  o.s.w.s.m.m.a.RequestMappingHandlerMapping - Mapped "{[/gift/{giftType}]}" onto public java.lang.String tw.com.triplei.web.GiftController.list_Vouchers(java.lang.String,org.springframework.ui.Model)
2017-10-11 11:57:13.699 [restartedMain] INFO  o.s.w.s.m.m.a.RequestMappingHandlerMapping - Mapped "{[/gift/true]}" onto public java.lang.String tw.com.triplei.web.GiftController.list_Hot(org.springframework.ui.Model)
2017-10-11 11:57:13.700 [restartedMain] INFO  o.s.w.s.m.m.a.RequestMappingHandlerMapping - Mapped "{[/gift/giftOrder],methods=[PUT]}" onto public java.util.Map<java.lang.String, java.lang.String> tw.com.triplei.web.GiftOrderController.update(org.springframework.ui.Model,tw.com.triplei.entity.GiftOrderEntity)
2017-10-11 11:57:13.700 [restartedMain] INFO  o.s.w.s.m.m.a.RequestMappingHandlerMapping - Mapped "{[/gift/giftOrder/list]}" onto public java.lang.String tw.com.triplei.web.GiftOrderController.list(org.springframework.ui.Model)
2017-10-11 11:57:13.700 [restartedMain] INFO  o.s.w.s.m.m.a.RequestMappingHandlerMapping - Mapped "{[/gift/giftOrder],methods=[GET]}" onto public tw.com.triplei.commons.GridResponse<tw.com.triplei.entity.GiftOrderEntity> tw.com.triplei.web.GiftOrderController.query(org.springframework.ui.Model,tw.com.triplei.entity.GiftOrderEntity,int,int)
2017-10-11 11:57:13.701 [restartedMain] INFO  o.s.w.s.m.m.a.RequestMappingHandlerMapping - Mapped "{[/gift/giftOrder/addOrder],methods=[POST]}" onto public java.util.Map<java.lang.String, java.lang.String> tw.com.triplei.web.GiftOrderController.order(java.lang.String,java.lang.String,java.lang.String,java.lang.String,java.lang.String,java.lang.String,tw.com.triplei.entity.GiftOrderEntity)
2017-10-11 11:57:13.701 [restartedMain] INFO  o.s.w.s.m.m.a.RequestMappingHandlerMapping - Mapped "{[/gift/giftOrder/orderCancel/{id}],methods=[PUT]}" onto public java.util.Map<java.lang.String, java.lang.String> tw.com.triplei.web.GiftOrderController.orderCancel(long)
2017-10-11 11:57:13.702 [restartedMain] INFO  o.s.w.s.m.m.a.RequestMappingHandlerMapping - Mapped "{[/gift/giftOrder/{id}],methods=[GET]}" onto public java.lang.String tw.com.triplei.web.GiftOrderController.editPage(java.lang.Long,org.springframework.ui.Model)
2017-10-11 11:57:13.702 [restartedMain] INFO  o.s.w.s.m.m.a.RequestMappingHandlerMapping - Mapped "{[/]}" onto public java.lang.String tw.com.triplei.web.IndexController.index(org.springframework.ui.Model)
2017-10-11 11:57:13.703 [restartedMain] INFO  o.s.w.s.m.m.a.RequestMappingHandlerMapping - Mapped "{[/insurer/list]}" onto public java.lang.String tw.com.triplei.web.InsurerController.list(org.springframework.ui.Model)
2017-10-11 11:57:13.703 [restartedMain] INFO  o.s.w.s.m.m.a.RequestMappingHandlerMapping - Mapped "{[/insurer/filt]}" onto public java.lang.String tw.com.triplei.web.InsurerController.filt(org.springframework.ui.Model)
2017-10-11 11:57:13.708 [restartedMain] INFO  o.s.w.s.m.m.a.RequestMappingHandlerMapping - Mapped "{[/product/list]}" onto public java.lang.String tw.com.triplei.web.ProductController.list(org.springframework.ui.Model)
2017-10-11 11:57:13.708 [restartedMain] INFO  o.s.w.s.m.m.a.RequestMappingHandlerMapping - Mapped "{[/product/getYear],methods=[GET]}" onto public java.util.Collection<java.lang.Integer> tw.com.triplei.web.ProductController.getYear()
2017-10-11 11:57:13.709 [restartedMain] INFO  o.s.w.s.m.m.a.RequestMappingHandlerMapping - Mapped "{[/product/irr]}" onto public java.lang.String tw.com.triplei.web.ProductController.irr(org.springframework.ui.Model)
2017-10-11 11:57:13.709 [restartedMain] INFO  o.s.w.s.m.m.a.RequestMappingHandlerMapping - Mapped "{[/product/getProduct/{gender}/{bDate}/{currency}/{paymentMethod}/{interestRateType}/{premium}/{year}/{yearCode}],methods=[GET]}" onto public java.util.List<tw.com.triplei.entity.ProductEntity> tw.com.triplei.web.ProductController.getProduct(java.lang.String,java.lang.String,java.lang.String,java.lang.String,java.lang.String,java.lang.String,java.lang.String,java.lang.String)
2017-10-11 11:57:13.709 [restartedMain] INFO  o.s.w.s.m.m.a.RequestMappingHandlerMapping - Mapped "{[/product/{id}/{gender}/{bDate}/{premium}/{yearCode}],methods=[GET]}" onto public java.lang.String tw.com.triplei.web.ProductController.detailInfo(java.lang.String,java.lang.String,java.lang.String,java.lang.String,java.lang.String,org.springframework.ui.Model) throws java.lang.Exception
2017-10-11 11:57:13.709 [restartedMain] INFO  o.s.w.s.m.m.a.RequestMappingHandlerMapping - Mapped "{[/product/calculationofirr/{premium}/{times}/{period}/{expired}],methods=[GET]}" onto public java.lang.String tw.com.triplei.web.ProductController.getirr(double,double,double,double,org.springframework.ui.Model)
2017-10-11 11:57:13.709 [restartedMain] INFO  o.s.w.s.m.m.a.RequestMappingHandlerMapping - Mapped "{[/product/calculationofremuneration/{premium}/{times}/{period}/{expired}],methods=[GET]}" onto public java.lang.String tw.com.triplei.web.ProductController.getremuneration(double,double,double,double,org.springframework.ui.Model)
2017-10-11 11:57:13.710 [restartedMain] INFO  o.s.w.s.m.m.a.RequestMappingHandlerMapping - Mapped "{[/product/calculationoftotal/{premium}/{times}/{period}],methods=[GET]}" onto public java.lang.String tw.com.triplei.web.ProductController.gettotal(double,double,double,org.springframework.ui.Model)
2017-10-11 11:57:13.710 [restartedMain] INFO  o.s.w.s.m.m.a.RequestMappingHandlerMapping - Mapped "{[/product/buyProduct/{currency}/{insureAmount}/{premium}/{points}],methods=[GET]}" onto public java.lang.String tw.com.triplei.web.ProductController.buyProduct(java.lang.String,java.lang.String,java.lang.String,java.lang.String,org.springframework.ui.Model)
2017-10-11 11:57:13.710 [restartedMain] INFO  o.s.w.s.m.m.a.RequestMappingHandlerMapping - Mapped "{[/product/Adjustment/{gender}/{bDate}/{insureAmount}/{id}/{yearCode}],methods=[GET]}" onto public java.lang.String tw.com.triplei.web.ProductController.insureAmountAndYearAndGenderAdjustment(java.lang.String,java.lang.String,java.lang.String,java.lang.String,java.lang.String,org.springframework.ui.Model) throws java.lang.NoSuchMethodException,java.lang.IllegalAccessException,java.lang.reflect.InvocationTargetException
2017-10-11 11:57:13.711 [restartedMain] INFO  o.s.w.s.m.m.a.RequestMappingHandlerMapping - Mapped "{[/question/list]}" onto public java.lang.String tw.com.triplei.web.QuestionController.list(org.springframework.ui.Model)
2017-10-11 11:57:13.711 [restartedMain] INFO  o.s.w.s.m.m.a.RequestMappingHandlerMapping - Mapped "{[/question],methods=[POST]}" onto public tw.com.triplei.commons.AjaxResponse<tw.com.triplei.entity.QuestionEntity> tw.com.triplei.web.QuestionController.insert(org.springframework.ui.Model,tw.com.triplei.entity.QuestionEntity)
2017-10-11 11:57:13.712 [restartedMain] INFO  o.s.w.s.m.m.a.RequestMappingHandlerMapping - Mapped "{[/question/test]}" onto public java.lang.String tw.com.triplei.web.QuestionController.test(org.springframework.ui.Model)
2017-10-11 11:57:13.712 [restartedMain] INFO  o.s.w.s.m.m.a.RequestMappingHandlerMapping - Mapped "{[/question/askQuestion]}" onto public java.lang.String tw.com.triplei.web.QuestionController.askQuestion()
2017-10-11 11:57:13.714 [restartedMain] INFO  o.s.w.s.m.m.a.RequestMappingHandlerMapping - Mapped "{[/recipient],methods=[POST]}" onto public tw.com.triplei.commons.AjaxResponse<tw.com.triplei.entity.RecipientEntity> tw.com.triplei.web.RecipientController.insert(org.springframework.ui.Model,java.lang.String,java.lang.String,java.lang.String,java.lang.String,java.lang.String,java.lang.String,java.lang.String,java.lang.String,java.lang.String,java.lang.String,java.lang.String,java.lang.String,java.lang.String,java.lang.String,java.lang.String,java.lang.String,java.lang.String,java.lang.String)
2017-10-11 11:57:13.717 [restartedMain] INFO  o.s.w.s.m.m.a.RequestMappingHandlerMapping - Mapped "{[/recipient/{userName:.+}],methods=[GET]}" onto public tw.com.triplei.commons.GridResponse<tw.com.triplei.entity.RecipientEntity> tw.com.triplei.web.RecipientController.query(int,int,org.springframework.ui.Model,tw.com.triplei.entity.RecipientEntity,java.lang.String)
2017-10-11 11:57:13.718 [restartedMain] INFO  o.s.w.s.m.m.a.RequestMappingHandlerMapping - Mapped "{[/recipient/filt]}" onto public java.lang.String tw.com.triplei.web.RecipientController.filt(org.springframework.ui.Model)
2017-10-11 11:57:13.718 [restartedMain] INFO  o.s.w.s.m.m.a.RequestMappingHandlerMapping - Mapped "{[/recipient/sales/{id}],methods=[GET]}" onto public java.lang.String tw.com.triplei.web.RecipientController.editPage(java.lang.Long,org.springframework.ui.Model)
2017-10-11 11:57:13.718 [restartedMain] INFO  o.s.w.s.m.m.a.RequestMappingHandlerMapping - Mapped "{[/recipient/add/{id}/{bdate}/{gender}/{insureAmount}/{premiumAfterDiscount}/{getPoint}],methods=[GET]}" onto public java.lang.String tw.com.triplei.web.RecipientController.addPage(org.springframework.ui.Model,java.lang.Long,java.lang.String,java.lang.String,java.lang.String,java.lang.String,java.lang.String)
2017-10-11 11:57:13.718 [restartedMain] INFO  o.s.w.s.m.m.a.RequestMappingHandlerMapping - Mapped "{[/recipient/saless/{userName:.+}],methods=[GET]}" onto public tw.com.triplei.commons.GridResponse<tw.com.triplei.entity.RecipientEntity> tw.com.triplei.web.RecipientController.salesquery(int,int,org.springframework.ui.Model,tw.com.triplei.entity.RecipientEntity,java.lang.String)
2017-10-11 11:57:13.718 [restartedMain] INFO  o.s.w.s.m.m.a.RequestMappingHandlerMapping - Mapped "{[/recipient/list]}" onto public java.lang.String tw.com.triplei.web.RecipientController.listPerMember(org.springframework.ui.Model)
2017-10-11 11:57:13.719 [restartedMain] INFO  o.s.w.s.m.m.a.RequestMappingHandlerMapping - Mapped "{[/recipient/sale/list]}" onto public java.lang.String tw.com.triplei.web.RecipientController.listPerSales(org.springframework.ui.Model)
2017-10-11 11:57:13.721 [restartedMain] INFO  o.s.w.s.m.m.a.RequestMappingHandlerMapping - Mapped "{[/registered],methods=[PUT]}" onto public tw.com.triplei.commons.AjaxResponse<tw.com.triplei.entity.UserEntity> tw.com.triplei.web.RegisteredController.update(org.springframework.ui.Model,tw.com.triplei.entity.UserEntity)
2017-10-11 11:57:13.722 [restartedMain] INFO  o.s.w.s.m.m.a.RequestMappingHandlerMapping - Mapped "{[/registered],methods=[POST]}" onto public tw.com.triplei.commons.AjaxResponse<tw.com.triplei.entity.UserEntity> tw.com.triplei.web.RegisteredController.insert(org.springframework.ui.Model,tw.com.triplei.entity.UserEntity)
2017-10-11 11:57:13.722 [restartedMain] INFO  o.s.w.s.m.m.a.RequestMappingHandlerMapping - Mapped "{[/registered/add],methods=[GET]}" onto public java.lang.String tw.com.triplei.web.RegisteredController.addPage(org.springframework.ui.Model)
2017-10-11 11:57:13.722 [restartedMain] INFO  o.s.w.s.m.m.a.RequestMappingHandlerMapping - Mapped "{[/registered/checkUid]}" onto public java.lang.String tw.com.triplei.web.RegisteredController.checkUid(org.springframework.ui.Model,java.lang.String)
2017-10-11 11:57:13.722 [restartedMain] INFO  o.s.w.s.m.m.a.RequestMappingHandlerMapping - Mapped "{[/registered/checked]}" onto public java.lang.String tw.com.triplei.web.RegisteredController.checkedPage(org.springframework.ui.Model,java.lang.String)
2017-10-11 11:57:13.722 [restartedMain] INFO  o.s.w.s.m.m.a.RequestMappingHandlerMapping - Mapped "{[/registered/check/{email:.+}],methods=[GET]}" onto public boolean tw.com.triplei.web.RegisteredController.findEmail(org.springframework.ui.Model,java.lang.String)
2017-10-11 11:57:13.722 [restartedMain] INFO  o.s.w.s.m.m.a.RequestMappingHandlerMapping - Mapped "{[/registered/checkedFailure],methods=[GET]}" onto public java.lang.String tw.com.triplei.web.RegisteredController.failurePage()
2017-10-11 11:57:13.723 [restartedMain] INFO  o.s.w.s.m.m.a.RequestMappingHandlerMapping - Mapped "{[/registered/sendCheckLetter],methods=[PUT]}" onto public tw.com.triplei.commons.AjaxResponse<tw.com.triplei.entity.UserEntity> tw.com.triplei.web.RegisteredController.sendCheckLetter(org.springframework.ui.Model,tw.com.triplei.entity.UserEntity)
2017-10-11 11:57:13.723 [restartedMain] INFO  o.s.w.s.m.m.a.RequestMappingHandlerMapping - Mapped "{[/registered/getForgetPerson],methods=[PUT]}" onto public tw.com.triplei.commons.AjaxResponse<tw.com.triplei.entity.UserEntity> tw.com.triplei.web.RegisteredController.getForgetPerson(org.springframework.ui.Model,tw.com.triplei.entity.UserEntity)
2017-10-11 11:57:13.724 [restartedMain] INFO  o.s.w.s.m.m.a.RequestMappingHandlerMapping - Mapped "{[/registered/checkedSuccess],methods=[GET]}" onto public java.lang.String tw.com.triplei.web.RegisteredController.successPage()
2017-10-11 11:57:13.726 [restartedMain] INFO  o.s.w.s.m.m.a.RequestMappingHandlerMapping - Mapped "{[/registered/checkLetter],methods=[GET]}" onto public java.lang.String tw.com.triplei.web.RegisteredController.checkLetterPage(org.springframework.ui.Model,java.lang.Integer)
2017-10-11 11:57:13.727 [restartedMain] INFO  o.s.w.s.m.m.a.RequestMappingHandlerMapping - Mapped "{[/registered/sendPwEditEMail]}" onto public tw.com.triplei.commons.AjaxResponse<tw.com.triplei.entity.UserEntity> tw.com.triplei.web.RegisteredController.sendPwEditEMail(org.springframework.ui.Model,tw.com.triplei.entity.UserEntity)
2017-10-11 11:57:13.727 [restartedMain] INFO  o.s.w.s.m.m.a.RequestMappingHandlerMapping - Mapped "{[/registered/forgetPassword],methods=[GET]}" onto public java.lang.String tw.com.triplei.web.RegisteredController.forgetPasswordPage()
2017-10-11 11:57:13.727 [restartedMain] INFO  o.s.w.s.m.m.a.RequestMappingHandlerMapping - Mapped "{[/registered/sendPwEditLink]}" onto public java.lang.String tw.com.triplei.web.RegisteredController.sendNewPasswordPage(org.springframework.ui.Model,java.lang.Integer)
2017-10-11 11:57:13.728 [restartedMain] INFO  o.s.w.s.m.m.a.RequestMappingHandlerMapping - Mapped "{[/user/reset],methods=[PUT]}" onto public tw.com.triplei.commons.AjaxResponse<tw.com.triplei.entity.UserEntity> tw.com.triplei.web.UserController.update(org.springframework.ui.Model,tw.com.triplei.entity.UserEntity)
2017-10-11 11:57:13.729 [restartedMain] INFO  o.s.w.s.m.m.a.RequestMappingHandlerMapping - Mapped "{[/user/reset/check/{userAccountNumber}/{email:.+}],methods=[GET]}" onto public boolean tw.com.triplei.web.UserController.findEmail(org.springframework.ui.Model,java.lang.String,java.lang.String)
2017-10-11 11:57:13.729 [restartedMain] INFO  o.s.w.s.m.m.a.RequestMappingHandlerMapping - Mapped "{[/user/reset/pw]}" onto public java.lang.String tw.com.triplei.web.UserController.pwPage(org.springframework.ui.Model)
2017-10-11 11:57:13.729 [restartedMain] INFO  o.s.w.s.m.m.a.RequestMappingHandlerMapping - Mapped "{[/user/reset/info]}" onto public java.lang.String tw.com.triplei.web.UserController.infoPage(org.springframework.ui.Model)
2017-10-11 11:57:13.729 [restartedMain] INFO  o.s.w.s.m.m.a.RequestMappingHandlerMapping - Mapped "{[/wish],methods=[POST]}" onto public tw.com.triplei.commons.AjaxResponse<tw.com.triplei.entity.WishEntity> tw.com.triplei.web.WishController.insert(org.springframework.ui.Model,org.springframework.web.multipart.MultipartFile,java.lang.String,java.lang.String,tw.com.triplei.entity.WishEntity)
2017-10-11 11:57:13.732 [restartedMain] INFO  o.s.w.s.m.m.a.RequestMappingHandlerMapping - Mapped "{[/error]}" onto public org.springframework.http.ResponseEntity<java.util.Map<java.lang.String, java.lang.Object>> org.springframework.boot.autoconfigure.web.BasicErrorController.error(javax.servlet.http.HttpServletRequest)
2017-10-11 11:57:13.733 [restartedMain] INFO  o.s.w.s.m.m.a.RequestMappingHandlerMapping - Mapped "{[/error],produces=[text/html]}" onto public org.springframework.web.servlet.ModelAndView org.springframework.boot.autoconfigure.web.BasicErrorController.errorHtml(javax.servlet.http.HttpServletRequest,javax.servlet.http.HttpServletResponse)
2017-10-11 11:57:13.741 [restartedMain] INFO  o.s.w.s.m.m.a.RequestMappingHandlerMapping - Mapped "{[/connect/{providerId}],methods=[POST]}" onto public org.springframework.web.servlet.view.RedirectView org.springframework.social.connect.web.ConnectController.connect(java.lang.String,org.springframework.web.context.request.NativeWebRequest)
2017-10-11 11:57:13.742 [restartedMain] INFO  o.s.w.s.m.m.a.RequestMappingHandlerMapping - Mapped "{[/connect/{providerId}],methods=[GET]}" onto public java.lang.String org.springframework.social.connect.web.ConnectController.connectionStatus(java.lang.String,org.springframework.web.context.request.NativeWebRequest,org.springframework.ui.Model)
2017-10-11 11:57:13.743 [restartedMain] INFO  o.s.w.s.m.m.a.RequestMappingHandlerMapping - Mapped "{[/connect],methods=[GET]}" onto public java.lang.String org.springframework.social.connect.web.ConnectController.connectionStatus(org.springframework.web.context.request.NativeWebRequest,org.springframework.ui.Model)
2017-10-11 11:57:13.743 [restartedMain] INFO  o.s.w.s.m.m.a.RequestMappingHandlerMapping - Mapped "{[/connect/{providerId}],methods=[GET],params=[oauth_token]}" onto public org.springframework.web.servlet.view.RedirectView org.springframework.social.connect.web.ConnectController.oauth1Callback(java.lang.String,org.springframework.web.context.request.NativeWebRequest)
2017-10-11 11:57:13.743 [restartedMain] INFO  o.s.w.s.m.m.a.RequestMappingHandlerMapping - Mapped "{[/connect/{providerId}],methods=[GET],params=[code]}" onto public org.springframework.web.servlet.view.RedirectView org.springframework.social.connect.web.ConnectController.oauth2Callback(java.lang.String,org.springframework.web.context.request.NativeWebRequest)
2017-10-11 11:57:13.743 [restartedMain] INFO  o.s.w.s.m.m.a.RequestMappingHandlerMapping - Mapped "{[/connect/{providerId}/{providerUserId}],methods=[DELETE]}" onto public org.springframework.web.servlet.view.RedirectView org.springframework.social.connect.web.ConnectController.removeConnection(java.lang.String,java.lang.String,org.springframework.web.context.request.NativeWebRequest)
2017-10-11 11:57:13.743 [restartedMain] INFO  o.s.w.s.m.m.a.RequestMappingHandlerMapping - Mapped "{[/connect/{providerId}],methods=[GET],params=[error]}" onto public org.springframework.web.servlet.view.RedirectView org.springframework.social.connect.web.ConnectController.oauth2ErrorCallback(java.lang.String,java.lang.String,java.lang.String,java.lang.String,org.springframework.web.context.request.NativeWebRequest)
2017-10-11 11:57:13.743 [restartedMain] INFO  o.s.w.s.m.m.a.RequestMappingHandlerMapping - Mapped "{[/connect/{providerId}],methods=[DELETE]}" onto public org.springframework.web.servlet.view.RedirectView org.springframework.social.connect.web.ConnectController.removeConnections(java.lang.String,org.springframework.web.context.request.NativeWebRequest)
2017-10-11 11:57:13.768 [restartedMain] INFO  o.s.web.servlet.handler.SimpleUrlHandlerMapping - Mapped URL path [/login] onto handler of type [class org.springframework.web.servlet.mvc.ParameterizableViewController]
2017-10-11 11:57:13.795 [restartedMain] INFO  o.s.web.servlet.handler.SimpleUrlHandlerMapping - Mapped URL path [/resources/**] onto handler of type [class org.springframework.web.servlet.resource.ResourceHttpRequestHandler]
2017-10-11 11:57:13.795 [restartedMain] INFO  o.s.web.servlet.handler.SimpleUrlHandlerMapping - Mapped URL path [/webjars/**] onto handler of type [class org.springframework.web.servlet.resource.ResourceHttpRequestHandler]
2017-10-11 11:57:13.795 [restartedMain] INFO  o.s.web.servlet.handler.SimpleUrlHandlerMapping - Mapped URL path [/**] onto handler of type [class org.springframework.web.servlet.resource.ResourceHttpRequestHandler]
2017-10-11 11:57:13.862 [restartedMain] INFO  o.s.web.servlet.handler.SimpleUrlHandlerMapping - Mapped URL path [/**/favicon.ico] onto handler of type [class org.springframework.web.servlet.resource.ResourceHttpRequestHandler]
2017-10-11 11:57:14.447 [restartedMain] INFO  io.searchbox.client.AbstractJestClient - Setting server pool to a list of 1 servers: [http://localhost:9200]
2017-10-11 11:57:14.449 [restartedMain] INFO  io.searchbox.client.JestClientFactory - Using multi thread/connection supporting pooling connection manager
2017-10-11 11:57:14.925 [restartedMain] INFO  io.searchbox.client.JestClientFactory - Using custom GSON instance
2017-10-11 11:57:14.926 [restartedMain] INFO  io.searchbox.client.JestClientFactory - Node Discovery disabled...
2017-10-11 11:57:14.926 [restartedMain] INFO  io.searchbox.client.JestClientFactory - Idle connection reaping disabled...
2017-10-11 11:57:15.349 [restartedMain] INFO  o.s.b.actuate.endpoint.mvc.EndpointHandlerMapping - Mapped "{[/health || /health.json],methods=[GET],produces=[application/vnd.spring-boot.actuator.v1+json || application/json]}" onto public java.lang.Object org.springframework.boot.actuate.endpoint.mvc.HealthMvcEndpoint.invoke(javax.servlet.http.HttpServletRequest,java.security.Principal)
2017-10-11 11:57:15.350 [restartedMain] INFO  o.s.b.actuate.endpoint.mvc.EndpointHandlerMapping - Mapped "{[/jolokia/**]}" onto public org.springframework.web.servlet.ModelAndView org.springframework.boot.actuate.endpoint.mvc.JolokiaMvcEndpoint.handle(javax.servlet.http.HttpServletRequest,javax.servlet.http.HttpServletResponse) throws java.lang.Exception
2017-10-11 11:57:15.352 [restartedMain] INFO  o.s.b.actuate.endpoint.mvc.EndpointHandlerMapping - Mapped "{[/loggers/{name:.*}],methods=[GET],produces=[application/vnd.spring-boot.actuator.v1+json || application/json]}" onto public java.lang.Object org.springframework.boot.actuate.endpoint.mvc.LoggersMvcEndpoint.get(java.lang.String)
2017-10-11 11:57:15.353 [restartedMain] INFO  o.s.b.actuate.endpoint.mvc.EndpointHandlerMapping - Mapped "{[/loggers/{name:.*}],methods=[POST],consumes=[application/vnd.spring-boot.actuator.v1+json || application/json],produces=[application/vnd.spring-boot.actuator.v1+json || application/json]}" onto public java.lang.Object org.springframework.boot.actuate.endpoint.mvc.LoggersMvcEndpoint.set(java.lang.String,java.util.Map<java.lang.String, java.lang.String>)
2017-10-11 11:57:15.353 [restartedMain] INFO  o.s.b.actuate.endpoint.mvc.EndpointHandlerMapping - Mapped "{[/loggers || /loggers.json],methods=[GET],produces=[application/vnd.spring-boot.actuator.v1+json || application/json]}" onto public java.lang.Object org.springframework.boot.actuate.endpoint.mvc.EndpointMvcAdapter.invoke()
2017-10-11 11:57:15.354 [restartedMain] INFO  o.s.b.actuate.endpoint.mvc.EndpointHandlerMapping - Mapped "{[/beans || /beans.json],methods=[GET],produces=[application/vnd.spring-boot.actuator.v1+json || application/json]}" onto public java.lang.Object org.springframework.boot.actuate.endpoint.mvc.EndpointMvcAdapter.invoke()
2017-10-11 11:57:15.355 [restartedMain] INFO  o.s.b.actuate.endpoint.mvc.EndpointHandlerMapping - Mapped "{[/heapdump || /heapdump.json],methods=[GET],produces=[application/octet-stream]}" onto public void org.springframework.boot.actuate.endpoint.mvc.HeapdumpMvcEndpoint.invoke(boolean,javax.servlet.http.HttpServletRequest,javax.servlet.http.HttpServletResponse) throws java.io.IOException,javax.servlet.ServletException
2017-10-11 11:57:15.356 [restartedMain] INFO  o.s.b.actuate.endpoint.mvc.EndpointHandlerMapping - Mapped "{[/dump || /dump.json],methods=[GET],produces=[application/vnd.spring-boot.actuator.v1+json || application/json]}" onto public java.lang.Object org.springframework.boot.actuate.endpoint.mvc.EndpointMvcAdapter.invoke()
2017-10-11 11:57:15.356 [restartedMain] INFO  o.s.b.actuate.endpoint.mvc.EndpointHandlerMapping - Mapped "{[/autoconfig || /autoconfig.json],methods=[GET],produces=[application/vnd.spring-boot.actuator.v1+json || application/json]}" onto public java.lang.Object org.springframework.boot.actuate.endpoint.mvc.EndpointMvcAdapter.invoke()
2017-10-11 11:57:15.356 [restartedMain] INFO  o.s.b.actuate.endpoint.mvc.EndpointHandlerMapping - Mapped "{[/configprops || /configprops.json],methods=[GET],produces=[application/vnd.spring-boot.actuator.v1+json || application/json]}" onto public java.lang.Object org.springframework.boot.actuate.endpoint.mvc.EndpointMvcAdapter.invoke()
2017-10-11 11:57:15.357 [restartedMain] INFO  o.s.b.actuate.endpoint.mvc.EndpointHandlerMapping - Mapped "{[/trace || /trace.json],methods=[GET],produces=[application/vnd.spring-boot.actuator.v1+json || application/json]}" onto public java.lang.Object org.springframework.boot.actuate.endpoint.mvc.EndpointMvcAdapter.invoke()
2017-10-11 11:57:15.358 [restartedMain] INFO  o.s.b.actuate.endpoint.mvc.EndpointHandlerMapping - Mapped "{[/auditevents || /auditevents.json],methods=[GET],produces=[application/vnd.spring-boot.actuator.v1+json || application/json]}" onto public org.springframework.http.ResponseEntity<?> org.springframework.boot.actuate.endpoint.mvc.AuditEventsMvcEndpoint.findByPrincipalAndAfterAndType(java.lang.String,java.util.Date,java.lang.String)
2017-10-11 11:57:15.359 [restartedMain] INFO  o.s.b.actuate.endpoint.mvc.EndpointHandlerMapping - Mapped "{[/mappings || /mappings.json],methods=[GET],produces=[application/vnd.spring-boot.actuator.v1+json || application/json]}" onto public java.lang.Object org.springframework.boot.actuate.endpoint.mvc.EndpointMvcAdapter.invoke()
2017-10-11 11:57:15.360 [restartedMain] INFO  o.s.b.actuate.endpoint.mvc.EndpointHandlerMapping - Mapped "{[/env/{name:.*}],methods=[GET],produces=[application/vnd.spring-boot.actuator.v1+json || application/json]}" onto public java.lang.Object org.springframework.boot.actuate.endpoint.mvc.EnvironmentMvcEndpoint.value(java.lang.String)
2017-10-11 11:57:15.360 [restartedMain] INFO  o.s.b.actuate.endpoint.mvc.EndpointHandlerMapping - Mapped "{[/env || /env.json],methods=[GET],produces=[application/vnd.spring-boot.actuator.v1+json || application/json]}" onto public java.lang.Object org.springframework.boot.actuate.endpoint.mvc.EndpointMvcAdapter.invoke()
2017-10-11 11:57:15.361 [restartedMain] INFO  o.s.b.actuate.endpoint.mvc.EndpointHandlerMapping - Mapped "{[/metrics/{name:.*}],methods=[GET],produces=[application/vnd.spring-boot.actuator.v1+json || application/json]}" onto public java.lang.Object org.springframework.boot.actuate.endpoint.mvc.MetricsMvcEndpoint.value(java.lang.String)
2017-10-11 11:57:15.361 [restartedMain] INFO  o.s.b.actuate.endpoint.mvc.EndpointHandlerMapping - Mapped "{[/metrics || /metrics.json],methods=[GET],produces=[application/vnd.spring-boot.actuator.v1+json || application/json]}" onto public java.lang.Object org.springframework.boot.actuate.endpoint.mvc.EndpointMvcAdapter.invoke()
2017-10-11 11:57:15.361 [restartedMain] INFO  o.s.b.actuate.endpoint.mvc.EndpointHandlerMapping - Mapped "{[/info || /info.json],methods=[GET],produces=[application/vnd.spring-boot.actuator.v1+json || application/json]}" onto public java.lang.Object org.springframework.boot.actuate.endpoint.mvc.EndpointMvcAdapter.invoke()
2017-10-11 11:57:15.603 [restartedMain] INFO  o.s.b.d.autoconfigure.OptionalLiveReloadServer - LiveReload server is running on port 35729
2017-10-11 11:57:15.820 [restartedMain] INFO  o.s.jmx.export.annotation.AnnotationMBeanExporter - Registering beans for JMX exposure on startup
2017-10-11 11:57:15.827 [restartedMain] INFO  o.s.b.actuate.endpoint.jmx.EndpointMBeanExporter - Registering beans for JMX exposure on startup
2017-10-11 11:57:15.834 [restartedMain] INFO  o.s.context.support.DefaultLifecycleProcessor - Starting beans in phase 0
2017-10-11 11:57:15.837 [restartedMain] INFO  o.s.b.actuate.endpoint.jmx.EndpointMBeanExporter - Located managed bean 'auditEventsEndpoint': registering with JMX server as MBean [org.springframework.boot:type=Endpoint,name=auditEventsEndpoint]
2017-10-11 11:57:15.858 [restartedMain] INFO  o.s.b.actuate.endpoint.jmx.EndpointMBeanExporter - Located managed bean 'requestMappingEndpoint': registering with JMX server as MBean [org.springframework.boot:type=Endpoint,name=requestMappingEndpoint]
2017-10-11 11:57:15.874 [restartedMain] INFO  o.s.b.actuate.endpoint.jmx.EndpointMBeanExporter - Located managed bean 'environmentEndpoint': registering with JMX server as MBean [org.springframework.boot:type=Endpoint,name=environmentEndpoint]
2017-10-11 11:57:15.879 [restartedMain] INFO  o.s.b.actuate.endpoint.jmx.EndpointMBeanExporter - Located managed bean 'healthEndpoint': registering with JMX server as MBean [org.springframework.boot:type=Endpoint,name=healthEndpoint]
2017-10-11 11:57:15.883 [restartedMain] INFO  o.s.b.actuate.endpoint.jmx.EndpointMBeanExporter - Located managed bean 'beansEndpoint': registering with JMX server as MBean [org.springframework.boot:type=Endpoint,name=beansEndpoint]
2017-10-11 11:57:15.886 [restartedMain] INFO  o.s.b.actuate.endpoint.jmx.EndpointMBeanExporter - Located managed bean 'infoEndpoint': registering with JMX server as MBean [org.springframework.boot:type=Endpoint,name=infoEndpoint]
2017-10-11 11:57:15.890 [restartedMain] INFO  o.s.b.actuate.endpoint.jmx.EndpointMBeanExporter - Located managed bean 'loggersEndpoint': registering with JMX server as MBean [org.springframework.boot:type=Endpoint,name=loggersEndpoint]
2017-10-11 11:57:15.897 [restartedMain] INFO  o.s.b.actuate.endpoint.jmx.EndpointMBeanExporter - Located managed bean 'metricsEndpoint': registering with JMX server as MBean [org.springframework.boot:type=Endpoint,name=metricsEndpoint]
2017-10-11 11:57:15.900 [restartedMain] INFO  o.s.b.actuate.endpoint.jmx.EndpointMBeanExporter - Located managed bean 'traceEndpoint': registering with JMX server as MBean [org.springframework.boot:type=Endpoint,name=traceEndpoint]
2017-10-11 11:57:15.903 [restartedMain] INFO  o.s.b.actuate.endpoint.jmx.EndpointMBeanExporter - Located managed bean 'dumpEndpoint': registering with JMX server as MBean [org.springframework.boot:type=Endpoint,name=dumpEndpoint]
2017-10-11 11:57:15.906 [restartedMain] INFO  o.s.b.actuate.endpoint.jmx.EndpointMBeanExporter - Located managed bean 'autoConfigurationReportEndpoint': registering with JMX server as MBean [org.springframework.boot:type=Endpoint,name=autoConfigurationReportEndpoint]
2017-10-11 11:57:15.909 [restartedMain] INFO  o.s.b.actuate.endpoint.jmx.EndpointMBeanExporter - Located managed bean 'configurationPropertiesReportEndpoint': registering with JMX server as MBean [org.springframework.boot:type=Endpoint,name=configurationPropertiesReportEndpoint]
2017-10-11 11:57:15.924 [restartedMain] INFO  o.s.s.a.ScheduledAnnotationBeanPostProcessor - No TaskScheduler/ScheduledExecutorService bean found for scheduled processing
2017-10-11 11:57:15.941 [restartedMain] INFO  org.apache.coyote.http11.Http11NioProtocol - Initializing ProtocolHandler ["http-nio-8080"]
2017-10-11 11:57:15.961 [restartedMain] INFO  org.apache.coyote.http11.Http11NioProtocol - Starting ProtocolHandler ["http-nio-8080"]
2017-10-11 11:57:15.963 [restartedMain] INFO  org.apache.tomcat.util.net.NioSelectorPool - Using a shared selector for servlet write/read
2017-10-11 11:57:16.001 [restartedMain] INFO  net.fckeditor.connector.Dispatcher - Connector initialized to net.fckeditor.connector.impl.ContextConnector
2017-10-11 11:57:16.014 [restartedMain] INFO  o.s.b.c.e.tomcat.TomcatEmbeddedServletContainer - Tomcat started on port(s): 8080 (http)
2017-10-11 11:57:16.028 [restartedMain] INFO  tw.com.triplei.TripleIApplication - Started TripleIApplication in 13.256 seconds (JVM running for 14.003)
